<?xml version="1.0" encoding="UTF-8"?>
<!-- Generated by org.testng.reporters.JUnitReportReporter -->
<testsuite skipped="0" hostname="ChristiansSamsung" name="com.Class03.TaskOne" tests="1" failures="0" timestamp="06 Jun 2019 01:34:02 GMT" time="0.542" errors="0">
  <testcase name="userOne" time="0.542" classname="com.Class03.TaskOne"/>
</testsuite> <!-- com.Class03.TaskOne -->
